<?xml version="1.0" encoding="UTF-8"?>
<testsuite name="hexlet.code.controller.TaskControllerTest" tests="4" skipped="0" failures="0" errors="0" timestamp="2024-02-08T18:34:30" hostname="SerebVl" time="0.149">
  <properties/>
  <testcase name="testTaskCreate()" classname="hexlet.code.controller.TaskControllerTest" time="0.073"/>
  <testcase name="testTaskUpdate()" classname="hexlet.code.controller.TaskControllerTest" time="0.031"/>
  <testcase name="testTaskIndex()" classname="hexlet.code.controller.TaskControllerTest" time="0.021"/>
  <testcase name="testTaskIndexWithParams()" classname="hexlet.code.controller.TaskControllerTest" time="0.022"/>
  <system-out><![CDATA[?[2m2024-02-08T21:34:30.230+03:00?[0;39m ?[32m INFO?[0;39m ?[35m42748?[0;39m ?[2m---?[0;39m ?[2m[    Test worker]?[0;39m ?[2m?[0;39m?[36mt.c.s.AnnotationConfigContextLoaderUtils?[0;39m ?[2m:?[0;39m Could not detect default configuration classes for test class [hexlet.code.controller.TaskControllerTest]: TaskControllerTest does not declare any static, non-private, non-final, nested classes annotated with @Configuration.
?[2m2024-02-08T21:34:30.232+03:00?[0;39m ?[32m INFO?[0;39m ?[35m42748?[0;39m ?[2m---?[0;39m ?[2m[    Test worker]?[0;39m ?[2m?[0;39m?[36m.b.t.c.SpringBootTestContextBootstrapper?[0;39m ?[2m:?[0;39m Found @SpringBootConfiguration hexlet.code.AppApplication for test class hexlet.code.controller.TaskControllerTest
Hibernate: insert into labels (created_at,name,id) values (?,?,default)
Hibernate: insert into task_statuses (created_at,name,slug,id) values (?,?,?,default)
Hibernate: insert into tasks (assignee_id,created_at,description,index,name,task_status_id,id) values (?,?,?,?,?,?,default)
Hibernate: select t1_0.id,t1_0.assignee_id,t1_0.created_at,t1_0.description,t1_0.index,t1_0.name,t1_0.task_status_id from tasks t1_0 where t1_0.name=?
Hibernate: select ts1_0.id,ts1_0.created_at,ts1_0.name,ts1_0.slug from task_statuses ts1_0 where ts1_0.id=?
Hibernate: insert into labels (created_at,name,id) values (?,?,default)
Hibernate: insert into task_statuses (created_at,name,slug,id) values (?,?,?,default)
Hibernate: insert into tasks (assignee_id,created_at,description,index,name,task_status_id,id) values (?,?,?,?,?,?,default)
Hibernate: insert into tasks_labels (task_id,labels_id) values (?,?)
Hibernate: select t1_0.id,a1_0.id,a1_0.created_at,a1_0.email,a1_0.first_name,a1_0.last_name,a1_0.password_digest,a1_0.updated_at,t1_0.created_at,t1_0.description,t1_0.index,t1_0.name,t1_0.task_status_id,ts1_0.id,ts1_0.created_at,ts1_0.name,ts1_0.slug from tasks t1_0 left join users a1_0 on a1_0.id=t1_0.assignee_id join task_statuses ts1_0 on ts1_0.id=t1_0.task_status_id where t1_0.id=?
Hibernate: update tasks set assignee_id=?,created_at=?,description=?,index=?,name=?,task_status_id=? where id=?
Hibernate: select t1_0.id,a1_0.id,a1_0.created_at,a1_0.email,a1_0.first_name,a1_0.last_name,a1_0.password_digest,a1_0.updated_at,t1_0.created_at,t1_0.description,t1_0.index,t1_0.name,t1_0.task_status_id,ts1_0.id,ts1_0.created_at,ts1_0.name,ts1_0.slug from tasks t1_0 left join users a1_0 on a1_0.id=t1_0.assignee_id join task_statuses ts1_0 on ts1_0.id=t1_0.task_status_id where t1_0.id=?
Hibernate: insert into labels (created_at,name,id) values (?,?,default)
Hibernate: insert into task_statuses (created_at,name,slug,id) values (?,?,?,default)
Hibernate: insert into tasks (assignee_id,created_at,description,index,name,task_status_id,id) values (?,?,?,?,?,?,default)
Hibernate: insert into tasks_labels (task_id,labels_id) values (?,?)
Hibernate: select t1_0.id,t1_0.assignee_id,t1_0.created_at,t1_0.description,t1_0.index,t1_0.name,t1_0.task_status_id from tasks t1_0 where 1=1 and 1=1 and 1=1 and 1=1
Hibernate: select ts1_0.id,ts1_0.created_at,ts1_0.name,ts1_0.slug from task_statuses ts1_0 where ts1_0.id=?
Hibernate: select ts1_0.id,ts1_0.created_at,ts1_0.name,ts1_0.slug from task_statuses ts1_0 where ts1_0.id=?
Hibernate: select ts1_0.id,ts1_0.created_at,ts1_0.name,ts1_0.slug from task_statuses ts1_0 where ts1_0.id=?
Hibernate: insert into labels (created_at,name,id) values (?,?,default)
Hibernate: insert into task_statuses (created_at,name,slug,id) values (?,?,?,default)
Hibernate: insert into tasks (assignee_id,created_at,description,index,name,task_status_id,id) values (?,?,?,?,?,?,default)
Hibernate: insert into tasks_labels (task_id,labels_id) values (?,?)
Hibernate: select t1_0.id,t1_0.assignee_id,t1_0.created_at,t1_0.description,t1_0.index,t1_0.name,t1_0.task_status_id from tasks t1_0 join tasks_labels l1_0 on t1_0.id=l1_0.task_id join task_statuses ts1_0 on ts1_0.id=t1_0.task_status_id where t1_0.assignee_id=? and lower(t1_0.name) like ? escape '' and ts1_0.slug=? and l1_0.labels_id=?
]]></system-out>
  <system-err><![CDATA[]]></system-err>
</testsuite>
